2024-11-15 13:12:26,525 INFO - sentence_transformers.SentenceTransformer : Use pytorch device_name: cpu
2024-11-15 13:12:26,525 INFO - sentence_transformers.SentenceTransformer : Load pretrained SentenceTransformer: efederici/sentence-BERTino
2024-11-15 13:12:26,532 DEBUG - urllib3.connectionpool : Starting new HTTPS connection (1): huggingface.co:443
2024-11-15 13:12:26,943 DEBUG - urllib3.connectionpool : https://huggingface.co:443 "HEAD /efederici/sentence-BERTino/resolve/main/modules.json HTTP/11" 200 0
2024-11-15 13:12:27,070 DEBUG - urllib3.connectionpool : https://huggingface.co:443 "HEAD /efederici/sentence-BERTino/resolve/main/config_sentence_transformers.json HTTP/11" 200 0
2024-11-15 13:12:27,195 DEBUG - urllib3.connectionpool : https://huggingface.co:443 "HEAD /efederici/sentence-BERTino/resolve/main/README.md HTTP/11" 200 0
2024-11-15 13:12:27,339 DEBUG - urllib3.connectionpool : https://huggingface.co:443 "HEAD /efederici/sentence-BERTino/resolve/main/modules.json HTTP/11" 200 0
2024-11-15 13:12:27,494 DEBUG - urllib3.connectionpool : https://huggingface.co:443 "HEAD /efederici/sentence-BERTino/resolve/main/sentence_bert_config.json HTTP/11" 200 0
2024-11-15 13:12:27,620 DEBUG - urllib3.connectionpool : https://huggingface.co:443 "HEAD /efederici/sentence-BERTino/resolve/main/config.json HTTP/11" 200 0
2024-11-15 13:12:28,234 DEBUG - urllib3.connectionpool : https://huggingface.co:443 "HEAD /efederici/sentence-BERTino/resolve/main/model.safetensors HTTP/11" 404 0
2024-11-15 13:12:28,239 DEBUG - urllib3.connectionpool : Starting new HTTPS connection (1): huggingface.co:443
2024-11-15 13:12:28,373 DEBUG - urllib3.connectionpool : https://huggingface.co:443 "GET /api/models/efederici/sentence-BERTino HTTP/11" 200 1775
2024-11-15 13:12:28,439 DEBUG - urllib3.connectionpool : https://huggingface.co:443 "HEAD /efederici/sentence-BERTino/resolve/main/tokenizer_config.json HTTP/11" 200 0
2024-11-15 13:12:28,636 DEBUG - urllib3.connectionpool : https://huggingface.co:443 "GET /api/models/efederici/sentence-BERTino/revision/main HTTP/11" 200 1775
2024-11-15 13:12:28,739 DEBUG - urllib3.connectionpool : https://huggingface.co:443 "GET /api/models/efederici/sentence-BERTino/commits/main HTTP/11" 200 2771
2024-11-15 13:12:28,764 DEBUG - urllib3.connectionpool : https://huggingface.co:443 "GET /api/models/efederici/sentence-BERTino HTTP/11" 200 1775
2024-11-15 13:12:28,776 INFO - sentence_transformers.SentenceTransformer : Use pytorch device_name: cpu
2024-11-15 13:12:28,777 INFO - sentence_transformers.SentenceTransformer : Load pretrained SentenceTransformer: efederici/sentence-BERTino
2024-11-15 13:12:28,912 DEBUG - urllib3.connectionpool : https://huggingface.co:443 "HEAD /efederici/sentence-BERTino/resolve/main/modules.json HTTP/11" 200 0
2024-11-15 13:12:29,095 DEBUG - urllib3.connectionpool : https://huggingface.co:443 "GET /api/models/efederici/sentence-BERTino/discussions?p=0 HTTP/11" 200 939
2024-11-15 13:12:29,235 DEBUG - urllib3.connectionpool : https://huggingface.co:443 "GET /api/models/efederici/sentence-BERTino/commits/refs%2Fpr%2F2 HTTP/11" 200 3736
2024-11-15 13:12:29,238 DEBUG - urllib3.connectionpool : Starting new HTTPS connection (1): safetensors-convert.hf.space:443
2024-11-15 13:12:29,258 DEBUG - urllib3.connectionpool : https://huggingface.co:443 "HEAD /efederici/sentence-BERTino/resolve/main/config_sentence_transformers.json HTTP/11" 200 0
2024-11-15 13:12:29,402 DEBUG - urllib3.connectionpool : https://huggingface.co:443 "HEAD /efederici/sentence-BERTino/resolve/main/README.md HTTP/11" 200 0
2024-11-15 13:12:29,528 DEBUG - urllib3.connectionpool : https://huggingface.co:443 "HEAD /efederici/sentence-BERTino/resolve/main/modules.json HTTP/11" 200 0
2024-11-15 13:12:29,655 DEBUG - urllib3.connectionpool : https://huggingface.co:443 "HEAD /efederici/sentence-BERTino/resolve/main/sentence_bert_config.json HTTP/11" 200 0
2024-11-15 13:12:29,696 DEBUG - urllib3.connectionpool : https://safetensors-convert.hf.space:443 "POST /call/run HTTP/11" 200 47
2024-11-15 13:12:29,699 DEBUG - urllib3.connectionpool : Starting new HTTPS connection (1): safetensors-convert.hf.space:443
2024-11-15 13:12:29,779 DEBUG - urllib3.connectionpool : https://huggingface.co:443 "HEAD /efederici/sentence-BERTino/resolve/main/config.json HTTP/11" 200 0
2024-11-15 13:12:29,911 DEBUG - urllib3.connectionpool : https://huggingface.co:443 "HEAD /efederici/sentence-BERTino/resolve/main/model.safetensors HTTP/11" 404 0
2024-11-15 13:12:29,913 DEBUG - urllib3.connectionpool : Starting new HTTPS connection (1): huggingface.co:443
2024-11-15 13:12:30,061 DEBUG - urllib3.connectionpool : https://huggingface.co:443 "HEAD /efederici/sentence-BERTino/resolve/main/tokenizer_config.json HTTP/11" 200 0
2024-11-15 13:12:30,147 DEBUG - urllib3.connectionpool : https://safetensors-convert.hf.space:443 "GET /call/run/b0257b3d441646efa81fc43ee662249c HTTP/11" 200 None
2024-11-15 13:12:30,228 DEBUG - urllib3.connectionpool : https://huggingface.co:443 "GET /api/models/efederici/sentence-BERTino/revision/main HTTP/11" 200 1775
2024-11-15 13:12:30,273 DEBUG - urllib3.connectionpool : https://huggingface.co:443 "GET /api/models/efederici/sentence-BERTino HTTP/11" 200 1775
2024-11-15 13:12:30,357 DEBUG - urllib3.connectionpool : https://huggingface.co:443 "GET /api/models/efederici/sentence-BERTino HTTP/11" 200 1775
2024-11-15 13:12:30,370 DEBUG - httpx : load_ssl_context verify=True cert=None trust_env=True http2=False
2024-11-15 13:12:30,371 DEBUG - httpx : load_verify_locations cafile='D:\\RagApplications\\PythonFiles\\DocumentalRag\\.venv_DocumentalRag\\Lib\\site-packages\\certifi\\cacert.pem'
2024-11-15 13:12:30,471 DEBUG - urllib3.connectionpool : https://huggingface.co:443 "GET /api/models/efederici/sentence-BERTino/commits/main HTTP/11" 200 2771
2024-11-15 13:12:30,598 DEBUG - httpx : load_ssl_context verify=True cert=None trust_env=True http2=False
2024-11-15 13:12:30,599 DEBUG - httpx : load_verify_locations cafile='D:\\RagApplications\\PythonFiles\\DocumentalRag\\.venv_DocumentalRag\\Lib\\site-packages\\certifi\\cacert.pem'
2024-11-15 13:12:30,610 DEBUG - urllib3.connectionpool : https://huggingface.co:443 "GET /api/models/efederici/sentence-BERTino/discussions?p=0 HTTP/11" 200 939
2024-11-15 13:12:30,876 INFO - werkzeug : [31m[1mWARNING: This is a development server. Do not use it in a production deployment. Use a production WSGI server instead.[0m
 * Running on all addresses (0.0.0.0)
 * Running on http://127.0.0.1:5000
 * Running on http://192.168.0.215:5000
2024-11-15 13:12:30,876 INFO - werkzeug : [33mPress CTRL+C to quit[0m
2024-11-15 13:12:30,879 INFO - werkzeug :  * Restarting with stat
2024-11-15 13:12:30,972 DEBUG - urllib3.connectionpool : https://huggingface.co:443 "GET /api/models/efederici/sentence-BERTino/commits/refs%2Fpr%2F2 HTTP/11" 200 3736
2024-11-15 13:12:30,974 DEBUG - urllib3.connectionpool : Starting new HTTPS connection (1): safetensors-convert.hf.space:443
2024-11-15 13:12:31,408 DEBUG - urllib3.connectionpool : https://safetensors-convert.hf.space:443 "POST /call/run HTTP/11" 200 47
2024-11-15 13:12:31,410 DEBUG - urllib3.connectionpool : Starting new HTTPS connection (1): safetensors-convert.hf.space:443
2024-11-15 13:12:31,676 DEBUG - urllib3.connectionpool : https://huggingface.co:443 "GET /api/models/efederici/sentence-BERTino/commits/main HTTP/11" 200 2771
2024-11-15 13:12:31,814 DEBUG - urllib3.connectionpool : https://huggingface.co:443 "GET /api/models/efederici/sentence-BERTino/discussions?p=0 HTTP/11" 200 939
2024-11-15 13:12:31,850 DEBUG - urllib3.connectionpool : https://safetensors-convert.hf.space:443 "GET /call/run/240391ec4ba342f2bb00662fdad19448 HTTP/11" 200 None
2024-11-15 13:12:31,955 DEBUG - urllib3.connectionpool : https://huggingface.co:443 "GET /api/models/efederici/sentence-BERTino/commits/refs%2Fpr%2F2 HTTP/11" 200 3736
2024-11-15 13:12:32,315 DEBUG - urllib3.connectionpool : https://huggingface.co:443 "HEAD /efederici/sentence-BERTino/resolve/refs%2Fpr%2F2/model.safetensors.index.json HTTP/11" 404 0
2024-11-15 13:12:32,477 DEBUG - urllib3.connectionpool : https://huggingface.co:443 "HEAD /efederici/sentence-BERTino/resolve/refs%2Fpr%2F2/model.safetensors HTTP/11" 302 0
2024-11-15 13:12:32,663 DEBUG - urllib3.connectionpool : https://huggingface.co:443 "GET /api/models/efederici/sentence-BERTino/commits/main HTTP/11" 200 2771
2024-11-15 13:12:32,799 DEBUG - urllib3.connectionpool : https://huggingface.co:443 "GET /api/models/efederici/sentence-BERTino/discussions?p=0 HTTP/11" 200 939
2024-11-15 13:12:32,954 DEBUG - urllib3.connectionpool : https://huggingface.co:443 "GET /api/models/efederici/sentence-BERTino/commits/refs%2Fpr%2F2 HTTP/11" 200 3736
2024-11-15 13:12:33,101 DEBUG - urllib3.connectionpool : https://huggingface.co:443 "HEAD /efederici/sentence-BERTino/resolve/refs%2Fpr%2F2/model.safetensors.index.json HTTP/11" 404 0
2024-11-15 13:12:33,230 DEBUG - urllib3.connectionpool : https://huggingface.co:443 "HEAD /efederici/sentence-BERTino/resolve/refs%2Fpr%2F2/model.safetensors HTTP/11" 302 0
2024-11-15 13:12:36,846 INFO - sentence_transformers.SentenceTransformer : Use pytorch device_name: cpu
2024-11-15 13:12:36,847 INFO - sentence_transformers.SentenceTransformer : Load pretrained SentenceTransformer: efederici/sentence-BERTino
2024-11-15 13:12:36,851 DEBUG - urllib3.connectionpool : Starting new HTTPS connection (1): huggingface.co:443
2024-11-15 13:12:37,250 DEBUG - urllib3.connectionpool : https://huggingface.co:443 "HEAD /efederici/sentence-BERTino/resolve/main/modules.json HTTP/11" 200 0
2024-11-15 13:12:37,617 DEBUG - urllib3.connectionpool : https://huggingface.co:443 "HEAD /efederici/sentence-BERTino/resolve/main/config_sentence_transformers.json HTTP/11" 200 0
2024-11-15 13:12:37,968 DEBUG - urllib3.connectionpool : https://huggingface.co:443 "HEAD /efederici/sentence-BERTino/resolve/main/README.md HTTP/11" 200 0
2024-11-15 13:12:38,091 DEBUG - urllib3.connectionpool : https://huggingface.co:443 "HEAD /efederici/sentence-BERTino/resolve/main/modules.json HTTP/11" 200 0
2024-11-15 13:12:38,460 DEBUG - urllib3.connectionpool : https://huggingface.co:443 "HEAD /efederici/sentence-BERTino/resolve/main/sentence_bert_config.json HTTP/11" 200 0
2024-11-15 13:12:38,605 DEBUG - urllib3.connectionpool : https://huggingface.co:443 "HEAD /efederici/sentence-BERTino/resolve/main/config.json HTTP/11" 200 0
2024-11-15 13:12:39,125 DEBUG - urllib3.connectionpool : https://huggingface.co:443 "HEAD /efederici/sentence-BERTino/resolve/main/model.safetensors HTTP/11" 404 0
2024-11-15 13:12:39,128 DEBUG - urllib3.connectionpool : Starting new HTTPS connection (1): huggingface.co:443
2024-11-15 13:12:39,286 DEBUG - urllib3.connectionpool : https://huggingface.co:443 "HEAD /efederici/sentence-BERTino/resolve/main/tokenizer_config.json HTTP/11" 200 0
2024-11-15 13:12:39,455 DEBUG - urllib3.connectionpool : https://huggingface.co:443 "GET /api/models/efederici/sentence-BERTino/revision/main HTTP/11" 200 1775
2024-11-15 13:12:39,483 DEBUG - urllib3.connectionpool : https://huggingface.co:443 "GET /api/models/efederici/sentence-BERTino HTTP/11" 200 1775
2024-11-15 13:12:39,582 DEBUG - urllib3.connectionpool : https://huggingface.co:443 "GET /api/models/efederici/sentence-BERTino HTTP/11" 200 1775
2024-11-15 13:12:39,586 INFO - sentence_transformers.SentenceTransformer : Use pytorch device_name: cpu
2024-11-15 13:12:39,587 INFO - sentence_transformers.SentenceTransformer : Load pretrained SentenceTransformer: efederici/sentence-BERTino
2024-11-15 13:12:39,716 DEBUG - urllib3.connectionpool : https://huggingface.co:443 "HEAD /efederici/sentence-BERTino/resolve/main/modules.json HTTP/11" 200 0
2024-11-15 13:12:39,838 DEBUG - urllib3.connectionpool : https://huggingface.co:443 "HEAD /efederici/sentence-BERTino/resolve/main/config_sentence_transformers.json HTTP/11" 200 0
2024-11-15 13:12:39,849 DEBUG - urllib3.connectionpool : https://huggingface.co:443 "GET /api/models/efederici/sentence-BERTino/commits/main HTTP/11" 200 2771
2024-11-15 13:12:39,964 DEBUG - urllib3.connectionpool : https://huggingface.co:443 "HEAD /efederici/sentence-BERTino/resolve/main/README.md HTTP/11" 200 0
2024-11-15 13:12:39,983 DEBUG - urllib3.connectionpool : https://huggingface.co:443 "GET /api/models/efederici/sentence-BERTino/discussions?p=0 HTTP/11" 200 939
2024-11-15 13:12:40,101 DEBUG - urllib3.connectionpool : https://huggingface.co:443 "HEAD /efederici/sentence-BERTino/resolve/main/modules.json HTTP/11" 200 0
2024-11-15 13:12:40,227 DEBUG - urllib3.connectionpool : https://huggingface.co:443 "HEAD /efederici/sentence-BERTino/resolve/main/sentence_bert_config.json HTTP/11" 200 0
2024-11-15 13:12:40,340 DEBUG - urllib3.connectionpool : https://huggingface.co:443 "GET /api/models/efederici/sentence-BERTino/commits/refs%2Fpr%2F2 HTTP/11" 200 3736
2024-11-15 13:12:40,342 DEBUG - urllib3.connectionpool : Starting new HTTPS connection (1): safetensors-convert.hf.space:443
2024-11-15 13:12:40,354 DEBUG - urllib3.connectionpool : https://huggingface.co:443 "HEAD /efederici/sentence-BERTino/resolve/main/config.json HTTP/11" 200 0
2024-11-15 13:12:40,489 DEBUG - urllib3.connectionpool : https://huggingface.co:443 "HEAD /efederici/sentence-BERTino/resolve/main/model.safetensors HTTP/11" 404 0
2024-11-15 13:12:40,492 DEBUG - urllib3.connectionpool : Starting new HTTPS connection (1): huggingface.co:443
2024-11-15 13:12:40,643 DEBUG - urllib3.connectionpool : https://huggingface.co:443 "HEAD /efederici/sentence-BERTino/resolve/main/tokenizer_config.json HTTP/11" 200 0
2024-11-15 13:12:40,802 DEBUG - urllib3.connectionpool : https://safetensors-convert.hf.space:443 "POST /call/run HTTP/11" 200 47
2024-11-15 13:12:40,804 DEBUG - urllib3.connectionpool : Starting new HTTPS connection (1): safetensors-convert.hf.space:443
2024-11-15 13:12:40,809 DEBUG - urllib3.connectionpool : https://huggingface.co:443 "GET /api/models/efederici/sentence-BERTino/revision/main HTTP/11" 200 1775
2024-11-15 13:12:40,845 DEBUG - urllib3.connectionpool : https://huggingface.co:443 "GET /api/models/efederici/sentence-BERTino HTTP/11" 200 1775
2024-11-15 13:12:41,091 DEBUG - urllib3.connectionpool : https://huggingface.co:443 "GET /api/models/efederici/sentence-BERTino HTTP/11" 200 1775
2024-11-15 13:12:41,097 DEBUG - httpx : load_ssl_context verify=True cert=None trust_env=True http2=False
2024-11-15 13:12:41,099 DEBUG - httpx : load_verify_locations cafile='D:\\RagApplications\\PythonFiles\\DocumentalRag\\.venv_DocumentalRag\\Lib\\site-packages\\certifi\\cacert.pem'
2024-11-15 13:12:41,224 DEBUG - urllib3.connectionpool : https://huggingface.co:443 "GET /api/models/efederici/sentence-BERTino/commits/main HTTP/11" 200 2771
2024-11-15 13:12:41,250 DEBUG - urllib3.connectionpool : https://safetensors-convert.hf.space:443 "GET /call/run/8d19c75cf274476bbe3ea9ef60bda4c1 HTTP/11" 200 None
2024-11-15 13:12:41,332 DEBUG - httpx : load_ssl_context verify=True cert=None trust_env=True http2=False
2024-11-15 13:12:41,333 DEBUG - httpx : load_verify_locations cafile='D:\\RagApplications\\PythonFiles\\DocumentalRag\\.venv_DocumentalRag\\Lib\\site-packages\\certifi\\cacert.pem'
2024-11-15 13:12:41,572 WARNING - werkzeug :  * Debugger is active!
2024-11-15 13:12:41,590 INFO - werkzeug :  * Debugger PIN: 843-532-862
2024-11-15 13:12:41,590 DEBUG - urllib3.connectionpool : https://huggingface.co:443 "GET /api/models/efederici/sentence-BERTino/discussions?p=0 HTTP/11" 200 939
2024-11-15 13:12:41,766 DEBUG - urllib3.connectionpool : https://huggingface.co:443 "GET /api/models/efederici/sentence-BERTino/commits/refs%2Fpr%2F2 HTTP/11" 200 3736
2024-11-15 13:12:41,767 DEBUG - urllib3.connectionpool : Starting new HTTPS connection (1): safetensors-convert.hf.space:443
2024-11-15 13:12:41,832 DEBUG - urllib3.connectionpool : https://huggingface.co:443 "GET /api/models/efederici/sentence-BERTino/commits/main HTTP/11" 200 2771
2024-11-15 13:12:42,061 DEBUG - urllib3.connectionpool : https://huggingface.co:443 "GET /api/models/efederici/sentence-BERTino/discussions?p=0 HTTP/11" 200 939
2024-11-15 13:12:42,197 DEBUG - urllib3.connectionpool : https://safetensors-convert.hf.space:443 "POST /call/run HTTP/11" 200 47
2024-11-15 13:12:42,199 DEBUG - urllib3.connectionpool : Starting new HTTPS connection (1): safetensors-convert.hf.space:443
2024-11-15 13:12:42,210 DEBUG - urllib3.connectionpool : https://huggingface.co:443 "GET /api/models/efederici/sentence-BERTino/commits/refs%2Fpr%2F2 HTTP/11" 200 3736
2024-11-15 13:12:42,559 DEBUG - urllib3.connectionpool : https://huggingface.co:443 "HEAD /efederici/sentence-BERTino/resolve/refs%2Fpr%2F2/model.safetensors.index.json HTTP/11" 404 0
2024-11-15 13:12:42,629 DEBUG - urllib3.connectionpool : https://safetensors-convert.hf.space:443 "GET /call/run/8f21e3f7885d47fbbcfca6872bf63015 HTTP/11" 200 None
2024-11-15 13:12:42,687 DEBUG - urllib3.connectionpool : https://huggingface.co:443 "HEAD /efederici/sentence-BERTino/resolve/refs%2Fpr%2F2/model.safetensors HTTP/11" 302 0
2024-11-15 13:12:42,776 DEBUG - urllib3.connectionpool : https://huggingface.co:443 "GET /api/models/efederici/sentence-BERTino/commits/main HTTP/11" 200 2771
2024-11-15 13:12:42,906 DEBUG - urllib3.connectionpool : https://huggingface.co:443 "GET /api/models/efederici/sentence-BERTino/discussions?p=0 HTTP/11" 200 939
2024-11-15 13:12:43,043 DEBUG - urllib3.connectionpool : https://huggingface.co:443 "GET /api/models/efederici/sentence-BERTino/commits/refs%2Fpr%2F2 HTTP/11" 200 3736
2024-11-15 13:12:43,199 DEBUG - urllib3.connectionpool : https://huggingface.co:443 "HEAD /efederici/sentence-BERTino/resolve/refs%2Fpr%2F2/model.safetensors.index.json HTTP/11" 404 0
2024-11-15 13:12:43,323 DEBUG - urllib3.connectionpool : https://huggingface.co:443 "HEAD /efederici/sentence-BERTino/resolve/refs%2Fpr%2F2/model.safetensors HTTP/11" 302 0
2024-11-15 13:13:00,715 INFO - werkzeug : 127.0.0.1 - - [15/Nov/2024 13:13:00] "GET / HTTP/1.1" 200 -
2024-11-15 13:13:16,087 INFO - werkzeug : 127.0.0.1 - - [15/Nov/2024 13:13:16] "[33mGET /swagger-file HTTP/1.1[0m" 404 -
2024-11-15 13:24:48,239 INFO - werkzeug :  * Detected change in 'd:\\RagApplications\\PythonFiles\\DocumentalRag\\DataProcessing.py', reloading
2024-11-15 13:27:56,015 INFO - sentence_transformers.SentenceTransformer : Use pytorch device_name: cpu
2024-11-15 13:27:56,017 INFO - sentence_transformers.SentenceTransformer : Load pretrained SentenceTransformer: efederici/sentence-BERTino
2024-11-15 13:27:56,023 DEBUG - urllib3.connectionpool : Starting new HTTPS connection (1): huggingface.co:443
2024-11-15 13:27:56,221 DEBUG - urllib3.connectionpool : https://huggingface.co:443 "HEAD /efederici/sentence-BERTino/resolve/main/modules.json HTTP/11" 200 0
2024-11-15 13:27:56,350 DEBUG - urllib3.connectionpool : https://huggingface.co:443 "HEAD /efederici/sentence-BERTino/resolve/main/config_sentence_transformers.json HTTP/11" 200 0
2024-11-15 13:27:56,495 DEBUG - urllib3.connectionpool : https://huggingface.co:443 "HEAD /efederici/sentence-BERTino/resolve/main/README.md HTTP/11" 200 0
2024-11-15 13:27:56,638 DEBUG - urllib3.connectionpool : https://huggingface.co:443 "HEAD /efederici/sentence-BERTino/resolve/main/modules.json HTTP/11" 200 0
2024-11-15 13:27:56,990 DEBUG - urllib3.connectionpool : https://huggingface.co:443 "HEAD /efederici/sentence-BERTino/resolve/main/sentence_bert_config.json HTTP/11" 200 0
2024-11-15 13:27:57,396 DEBUG - urllib3.connectionpool : https://huggingface.co:443 "HEAD /efederici/sentence-BERTino/resolve/main/config.json HTTP/11" 200 0
2024-11-15 13:27:58,015 DEBUG - urllib3.connectionpool : https://huggingface.co:443 "HEAD /efederici/sentence-BERTino/resolve/main/model.safetensors HTTP/11" 404 0
2024-11-15 13:27:58,018 DEBUG - urllib3.connectionpool : Starting new HTTPS connection (1): huggingface.co:443
2024-11-15 13:27:58,159 DEBUG - urllib3.connectionpool : https://huggingface.co:443 "GET /api/models/efederici/sentence-BERTino HTTP/11" 200 1775
2024-11-15 13:27:58,242 DEBUG - urllib3.connectionpool : https://huggingface.co:443 "HEAD /efederici/sentence-BERTino/resolve/main/tokenizer_config.json HTTP/11" 200 0
2024-11-15 13:27:58,428 DEBUG - urllib3.connectionpool : https://huggingface.co:443 "GET /api/models/efederici/sentence-BERTino/revision/main HTTP/11" 200 1775
2024-11-15 13:27:58,499 DEBUG - urllib3.connectionpool : https://huggingface.co:443 "GET /api/models/efederici/sentence-BERTino/commits/main HTTP/11" 200 2771
2024-11-15 13:27:58,553 DEBUG - urllib3.connectionpool : https://huggingface.co:443 "GET /api/models/efederici/sentence-BERTino HTTP/11" 200 1775
2024-11-15 13:27:58,563 INFO - sentence_transformers.SentenceTransformer : Use pytorch device_name: cpu
2024-11-15 13:27:58,564 INFO - sentence_transformers.SentenceTransformer : Load pretrained SentenceTransformer: efederici/sentence-BERTino
2024-11-15 13:27:58,692 DEBUG - urllib3.connectionpool : https://huggingface.co:443 "HEAD /efederici/sentence-BERTino/resolve/main/modules.json HTTP/11" 200 0
2024-11-15 13:27:58,824 DEBUG - urllib3.connectionpool : https://huggingface.co:443 "HEAD /efederici/sentence-BERTino/resolve/main/config_sentence_transformers.json HTTP/11" 200 0
2024-11-15 13:27:58,857 DEBUG - urllib3.connectionpool : https://huggingface.co:443 "GET /api/models/efederici/sentence-BERTino/discussions?p=0 HTTP/11" 200 939
2024-11-15 13:27:58,947 DEBUG - urllib3.connectionpool : https://huggingface.co:443 "HEAD /efederici/sentence-BERTino/resolve/main/README.md HTTP/11" 200 0
2024-11-15 13:27:59,006 DEBUG - urllib3.connectionpool : https://huggingface.co:443 "GET /api/models/efederici/sentence-BERTino/commits/refs%2Fpr%2F2 HTTP/11" 200 3736
2024-11-15 13:27:59,008 DEBUG - urllib3.connectionpool : Starting new HTTPS connection (1): safetensors-convert.hf.space:443
2024-11-15 13:27:59,078 DEBUG - urllib3.connectionpool : https://huggingface.co:443 "HEAD /efederici/sentence-BERTino/resolve/main/modules.json HTTP/11" 200 0
2024-11-15 13:27:59,433 DEBUG - urllib3.connectionpool : https://huggingface.co:443 "HEAD /efederici/sentence-BERTino/resolve/main/sentence_bert_config.json HTTP/11" 200 0
2024-11-15 13:27:59,564 DEBUG - urllib3.connectionpool : https://huggingface.co:443 "HEAD /efederici/sentence-BERTino/resolve/main/config.json HTTP/11" 200 0
2024-11-15 13:27:59,698 DEBUG - urllib3.connectionpool : https://huggingface.co:443 "HEAD /efederici/sentence-BERTino/resolve/main/model.safetensors HTTP/11" 404 0
2024-11-15 13:27:59,700 DEBUG - urllib3.connectionpool : Starting new HTTPS connection (1): huggingface.co:443
2024-11-15 13:27:59,883 DEBUG - urllib3.connectionpool : https://huggingface.co:443 "HEAD /efederici/sentence-BERTino/resolve/main/tokenizer_config.json HTTP/11" 200 0
2024-11-15 13:28:00,043 DEBUG - urllib3.connectionpool : https://huggingface.co:443 "GET /api/models/efederici/sentence-BERTino/revision/main HTTP/11" 200 1775
2024-11-15 13:28:00,065 DEBUG - urllib3.connectionpool : https://huggingface.co:443 "GET /api/models/efederici/sentence-BERTino HTTP/11" 200 1775
2024-11-15 13:28:00,168 DEBUG - urllib3.connectionpool : https://safetensors-convert.hf.space:443 "POST /call/run HTTP/11" 503 58
2024-11-15 13:28:00,191 DEBUG - urllib3.connectionpool : https://huggingface.co:443 "GET /api/models/efederici/sentence-BERTino HTTP/11" 200 1775
2024-11-15 13:28:00,197 DEBUG - httpx : load_ssl_context verify=True cert=None trust_env=True http2=False
2024-11-15 13:28:00,198 DEBUG - httpx : load_verify_locations cafile='D:\\RagApplications\\PythonFiles\\DocumentalRag\\.venv_DocumentalRag\\Lib\\site-packages\\certifi\\cacert.pem'
2024-11-15 13:28:00,414 DEBUG - httpx : load_ssl_context verify=True cert=None trust_env=True http2=False
2024-11-15 13:28:00,415 DEBUG - httpx : load_verify_locations cafile='D:\\RagApplications\\PythonFiles\\DocumentalRag\\.venv_DocumentalRag\\Lib\\site-packages\\certifi\\cacert.pem'
2024-11-15 13:28:00,427 DEBUG - urllib3.connectionpool : https://huggingface.co:443 "GET /api/models/efederici/sentence-BERTino/commits/main HTTP/11" 200 2771
2024-11-15 13:28:00,682 INFO - werkzeug : [31m[1mWARNING: This is a development server. Do not use it in a production deployment. Use a production WSGI server instead.[0m
 * Running on all addresses (0.0.0.0)
 * Running on http://127.0.0.1:5000
 * Running on http://192.168.0.215:5000
2024-11-15 13:28:00,683 INFO - werkzeug : [33mPress CTRL+C to quit[0m
2024-11-15 13:28:00,684 INFO - werkzeug :  * Restarting with stat
2024-11-15 13:28:00,812 DEBUG - urllib3.connectionpool : https://huggingface.co:443 "GET /api/models/efederici/sentence-BERTino/discussions?p=0 HTTP/11" 200 939
2024-11-15 13:28:00,950 DEBUG - urllib3.connectionpool : https://huggingface.co:443 "GET /api/models/efederici/sentence-BERTino/commits/refs%2Fpr%2F2 HTTP/11" 200 3736
2024-11-15 13:28:00,951 DEBUG - urllib3.connectionpool : Starting new HTTPS connection (1): safetensors-convert.hf.space:443
2024-11-15 13:28:05,076 DEBUG - urllib3.connectionpool : https://safetensors-convert.hf.space:443 "POST /call/run HTTP/11" 503 58
2024-11-15 13:28:07,053 INFO - sentence_transformers.SentenceTransformer : Use pytorch device_name: cpu
2024-11-15 13:28:07,053 INFO - sentence_transformers.SentenceTransformer : Load pretrained SentenceTransformer: efederici/sentence-BERTino
2024-11-15 13:28:07,058 DEBUG - urllib3.connectionpool : Starting new HTTPS connection (1): huggingface.co:443
2024-11-15 13:28:07,426 DEBUG - urllib3.connectionpool : https://huggingface.co:443 "HEAD /efederici/sentence-BERTino/resolve/main/modules.json HTTP/11" 200 0
2024-11-15 13:28:07,576 DEBUG - urllib3.connectionpool : https://huggingface.co:443 "HEAD /efederici/sentence-BERTino/resolve/main/config_sentence_transformers.json HTTP/11" 200 0
2024-11-15 13:28:07,705 DEBUG - urllib3.connectionpool : https://huggingface.co:443 "HEAD /efederici/sentence-BERTino/resolve/main/README.md HTTP/11" 200 0
2024-11-15 13:28:07,876 DEBUG - urllib3.connectionpool : https://huggingface.co:443 "HEAD /efederici/sentence-BERTino/resolve/main/modules.json HTTP/11" 200 0
2024-11-15 13:28:08,233 DEBUG - urllib3.connectionpool : https://huggingface.co:443 "HEAD /efederici/sentence-BERTino/resolve/main/sentence_bert_config.json HTTP/11" 200 0
2024-11-15 13:28:08,582 DEBUG - urllib3.connectionpool : https://huggingface.co:443 "HEAD /efederici/sentence-BERTino/resolve/main/config.json HTTP/11" 200 0
2024-11-15 13:28:08,918 DEBUG - urllib3.connectionpool : https://huggingface.co:443 "HEAD /efederici/sentence-BERTino/resolve/main/model.safetensors HTTP/11" 404 0
2024-11-15 13:28:08,920 DEBUG - urllib3.connectionpool : Starting new HTTPS connection (1): huggingface.co:443
2024-11-15 13:28:09,079 DEBUG - urllib3.connectionpool : https://huggingface.co:443 "HEAD /efederici/sentence-BERTino/resolve/main/tokenizer_config.json HTTP/11" 200 0
2024-11-15 13:28:09,254 DEBUG - urllib3.connectionpool : https://huggingface.co:443 "GET /api/models/efederici/sentence-BERTino/revision/main HTTP/11" 200 1775
2024-11-15 13:28:09,278 DEBUG - urllib3.connectionpool : https://huggingface.co:443 "GET /api/models/efederici/sentence-BERTino HTTP/11" 200 1775
2024-11-15 13:28:09,650 DEBUG - urllib3.connectionpool : https://huggingface.co:443 "GET /api/models/efederici/sentence-BERTino/commits/main HTTP/11" 200 2771
2024-11-15 13:28:09,684 DEBUG - urllib3.connectionpool : https://huggingface.co:443 "GET /api/models/efederici/sentence-BERTino HTTP/11" 200 1775
2024-11-15 13:28:09,689 INFO - sentence_transformers.SentenceTransformer : Use pytorch device_name: cpu
2024-11-15 13:28:09,690 INFO - sentence_transformers.SentenceTransformer : Load pretrained SentenceTransformer: efederici/sentence-BERTino
2024-11-15 13:28:09,797 DEBUG - urllib3.connectionpool : https://huggingface.co:443 "GET /api/models/efederici/sentence-BERTino/discussions?p=0 HTTP/11" 200 939
2024-11-15 13:28:10,034 DEBUG - urllib3.connectionpool : https://huggingface.co:443 "HEAD /efederici/sentence-BERTino/resolve/main/modules.json HTTP/11" 200 0
2024-11-15 13:28:10,157 DEBUG - urllib3.connectionpool : https://huggingface.co:443 "HEAD /efederici/sentence-BERTino/resolve/main/config_sentence_transformers.json HTTP/11" 200 0
2024-11-15 13:28:10,176 DEBUG - urllib3.connectionpool : https://huggingface.co:443 "GET /api/models/efederici/sentence-BERTino/commits/refs%2Fpr%2F2 HTTP/11" 200 3736
2024-11-15 13:28:10,178 DEBUG - urllib3.connectionpool : Starting new HTTPS connection (1): safetensors-convert.hf.space:443
2024-11-15 13:28:10,282 DEBUG - urllib3.connectionpool : https://huggingface.co:443 "HEAD /efederici/sentence-BERTino/resolve/main/README.md HTTP/11" 200 0
2024-11-15 13:28:10,405 DEBUG - urllib3.connectionpool : https://huggingface.co:443 "HEAD /efederici/sentence-BERTino/resolve/main/modules.json HTTP/11" 200 0
2024-11-15 13:28:10,532 DEBUG - urllib3.connectionpool : https://huggingface.co:443 "HEAD /efederici/sentence-BERTino/resolve/main/sentence_bert_config.json HTTP/11" 200 0
2024-11-15 13:28:10,630 DEBUG - urllib3.connectionpool : https://safetensors-convert.hf.space:443 "POST /call/run HTTP/11" 200 47
2024-11-15 13:28:10,632 DEBUG - urllib3.connectionpool : Starting new HTTPS connection (1): safetensors-convert.hf.space:443
2024-11-15 13:28:10,659 DEBUG - urllib3.connectionpool : https://huggingface.co:443 "HEAD /efederici/sentence-BERTino/resolve/main/config.json HTTP/11" 200 0
2024-11-15 13:28:10,788 DEBUG - urllib3.connectionpool : https://huggingface.co:443 "HEAD /efederici/sentence-BERTino/resolve/main/model.safetensors HTTP/11" 404 0
2024-11-15 13:28:10,792 DEBUG - urllib3.connectionpool : Starting new HTTPS connection (1): huggingface.co:443
2024-11-15 13:28:10,927 DEBUG - urllib3.connectionpool : https://huggingface.co:443 "GET /api/models/efederici/sentence-BERTino HTTP/11" 200 1775
2024-11-15 13:28:10,944 DEBUG - urllib3.connectionpool : https://huggingface.co:443 "HEAD /efederici/sentence-BERTino/resolve/main/tokenizer_config.json HTTP/11" 200 0
2024-11-15 13:28:11,070 DEBUG - urllib3.connectionpool : https://huggingface.co:443 "GET /api/models/efederici/sentence-BERTino/commits/main HTTP/11" 200 2771
2024-11-15 13:28:11,097 DEBUG - urllib3.connectionpool : https://safetensors-convert.hf.space:443 "GET /call/run/465d2c6cdc494f66a80f7686b22b478d HTTP/11" 200 None
2024-11-15 13:28:11,117 DEBUG - urllib3.connectionpool : https://huggingface.co:443 "GET /api/models/efederici/sentence-BERTino/revision/main HTTP/11" 200 1775
2024-11-15 13:28:11,201 DEBUG - urllib3.connectionpool : https://huggingface.co:443 "GET /api/models/efederici/sentence-BERTino/discussions?p=0 HTTP/11" 200 939
2024-11-15 13:28:11,249 DEBUG - urllib3.connectionpool : https://huggingface.co:443 "GET /api/models/efederici/sentence-BERTino HTTP/11" 200 1775
2024-11-15 13:28:11,253 DEBUG - httpx : load_ssl_context verify=True cert=None trust_env=True http2=False
2024-11-15 13:28:11,256 DEBUG - httpx : load_verify_locations cafile='D:\\RagApplications\\PythonFiles\\DocumentalRag\\.venv_DocumentalRag\\Lib\\site-packages\\certifi\\cacert.pem'
2024-11-15 13:28:11,489 DEBUG - httpx : load_ssl_context verify=True cert=None trust_env=True http2=False
2024-11-15 13:28:11,491 DEBUG - httpx : load_verify_locations cafile='D:\\RagApplications\\PythonFiles\\DocumentalRag\\.venv_DocumentalRag\\Lib\\site-packages\\certifi\\cacert.pem'
2024-11-15 13:28:11,597 DEBUG - urllib3.connectionpool : https://huggingface.co:443 "GET /api/models/efederici/sentence-BERTino/commits/refs%2Fpr%2F2 HTTP/11" 200 3736
2024-11-15 13:28:11,598 DEBUG - urllib3.connectionpool : Starting new HTTPS connection (1): safetensors-convert.hf.space:443
2024-11-15 13:28:11,751 WARNING - werkzeug :  * Debugger is active!
2024-11-15 13:28:11,757 INFO - werkzeug :  * Debugger PIN: 843-532-862
2024-11-15 13:28:12,029 DEBUG - urllib3.connectionpool : https://safetensors-convert.hf.space:443 "POST /call/run HTTP/11" 200 47
2024-11-15 13:28:12,031 DEBUG - urllib3.connectionpool : Starting new HTTPS connection (1): safetensors-convert.hf.space:443
2024-11-15 13:28:12,309 DEBUG - urllib3.connectionpool : https://huggingface.co:443 "GET /api/models/efederici/sentence-BERTino/commits/main HTTP/11" 200 2771
2024-11-15 13:28:12,477 DEBUG - urllib3.connectionpool : https://safetensors-convert.hf.space:443 "GET /call/run/cc156be950e44d4295df34bc98d2973c HTTP/11" 200 None
2024-11-15 13:28:12,662 DEBUG - urllib3.connectionpool : https://huggingface.co:443 "GET /api/models/efederici/sentence-BERTino/discussions?p=0 HTTP/11" 200 939
2024-11-15 13:28:12,804 DEBUG - urllib3.connectionpool : https://huggingface.co:443 "GET /api/models/efederici/sentence-BERTino/commits/refs%2Fpr%2F2 HTTP/11" 200 3736
2024-11-15 13:28:12,930 DEBUG - urllib3.connectionpool : https://huggingface.co:443 "HEAD /efederici/sentence-BERTino/resolve/refs%2Fpr%2F2/model.safetensors.index.json HTTP/11" 404 0
2024-11-15 13:28:13,058 DEBUG - urllib3.connectionpool : https://huggingface.co:443 "HEAD /efederici/sentence-BERTino/resolve/refs%2Fpr%2F2/model.safetensors HTTP/11" 302 0
2024-11-15 13:28:13,328 DEBUG - urllib3.connectionpool : https://huggingface.co:443 "GET /api/models/efederici/sentence-BERTino/commits/main HTTP/11" 200 2771
2024-11-15 13:28:13,682 DEBUG - urllib3.connectionpool : https://huggingface.co:443 "GET /api/models/efederici/sentence-BERTino/discussions?p=0 HTTP/11" 200 939
2024-11-15 13:28:13,824 DEBUG - urllib3.connectionpool : https://huggingface.co:443 "GET /api/models/efederici/sentence-BERTino/commits/refs%2Fpr%2F2 HTTP/11" 200 3736
2024-11-15 13:28:14,002 DEBUG - urllib3.connectionpool : https://huggingface.co:443 "HEAD /efederici/sentence-BERTino/resolve/refs%2Fpr%2F2/model.safetensors.index.json HTTP/11" 404 0
2024-11-15 13:28:14,129 DEBUG - urllib3.connectionpool : https://huggingface.co:443 "HEAD /efederici/sentence-BERTino/resolve/refs%2Fpr%2F2/model.safetensors HTTP/11" 302 0
2024-11-15 13:28:21,268 INFO - werkzeug : 127.0.0.1 - - [15/Nov/2024 13:28:21] "GET /swagger-file HTTP/1.1" 200 -
2024-11-15 13:28:27,152 INFO - werkzeug : 127.0.0.1 - - [15/Nov/2024 13:28:27] "GET /swagger/ HTTP/1.1" 200 -
2024-11-15 13:28:27,883 INFO - werkzeug : 127.0.0.1 - - [15/Nov/2024 13:28:27] "[36mGET /swagger/index.css HTTP/1.1[0m" 304 -
2024-11-15 13:28:27,903 INFO - werkzeug : 127.0.0.1 - - [15/Nov/2024 13:28:27] "[36mGET /swagger/swagger-ui.css HTTP/1.1[0m" 304 -
2024-11-15 13:28:28,041 INFO - werkzeug : 127.0.0.1 - - [15/Nov/2024 13:28:28] "[36mGET /swagger/swagger-ui-standalone-preset.js HTTP/1.1[0m" 304 -
2024-11-15 13:28:28,081 INFO - werkzeug : 127.0.0.1 - - [15/Nov/2024 13:28:28] "[36mGET /swagger/swagger-ui-bundle.js HTTP/1.1[0m" 304 -
2024-11-15 13:28:28,681 INFO - werkzeug : 127.0.0.1 - - [15/Nov/2024 13:28:28] "[36mGET /swagger/favicon-32x32.png HTTP/1.1[0m" 304 -
2024-11-15 13:28:28,952 INFO - werkzeug : 127.0.0.1 - - [15/Nov/2024 13:28:28] "GET /swagger-file HTTP/1.1" 200 -
2024-11-15 13:28:29,041 INFO - werkzeug : 127.0.0.1 - - [15/Nov/2024 13:28:29] "[36mGET /swagger/favicon-32x32.png HTTP/1.1[0m" 304 -
2024-11-15 13:28:36,929 INFO - werkzeug : 127.0.0.1 - - [15/Nov/2024 13:28:36] "[35m[1mGET /methods HTTP/1.1[0m" 500 -
2024-11-15 13:31:57,824 INFO - werkzeug :  * Detected change in 'd:\\RagApplications\\PythonFiles\\DocumentalRag\\app.py', reloading
2024-11-15 13:31:58,917 INFO - werkzeug :  * Restarting with stat
2024-11-15 13:32:17,905 INFO - sentence_transformers.SentenceTransformer : Use pytorch device_name: cpu
2024-11-15 13:32:17,906 INFO - sentence_transformers.SentenceTransformer : Load pretrained SentenceTransformer: efederici/sentence-BERTino
2024-11-15 13:32:17,918 DEBUG - urllib3.connectionpool : Starting new HTTPS connection (1): huggingface.co:443
2024-11-15 13:32:18,087 DEBUG - urllib3.connectionpool : https://huggingface.co:443 "HEAD /efederici/sentence-BERTino/resolve/main/modules.json HTTP/11" 200 0
2024-11-15 13:32:18,467 DEBUG - urllib3.connectionpool : https://huggingface.co:443 "HEAD /efederici/sentence-BERTino/resolve/main/config_sentence_transformers.json HTTP/11" 200 0
2024-11-15 13:32:18,595 DEBUG - urllib3.connectionpool : https://huggingface.co:443 "HEAD /efederici/sentence-BERTino/resolve/main/README.md HTTP/11" 200 0
2024-11-15 13:32:18,722 DEBUG - urllib3.connectionpool : https://huggingface.co:443 "HEAD /efederici/sentence-BERTino/resolve/main/modules.json HTTP/11" 200 0
2024-11-15 13:32:19,077 DEBUG - urllib3.connectionpool : https://huggingface.co:443 "HEAD /efederici/sentence-BERTino/resolve/main/sentence_bert_config.json HTTP/11" 200 0
2024-11-15 13:32:19,225 DEBUG - urllib3.connectionpool : https://huggingface.co:443 "HEAD /efederici/sentence-BERTino/resolve/main/config.json HTTP/11" 200 0
2024-11-15 13:32:20,027 DEBUG - urllib3.connectionpool : https://huggingface.co:443 "HEAD /efederici/sentence-BERTino/resolve/main/model.safetensors HTTP/11" 404 0
2024-11-15 13:32:20,031 DEBUG - urllib3.connectionpool : Starting new HTTPS connection (1): huggingface.co:443
2024-11-15 13:32:20,188 DEBUG - urllib3.connectionpool : https://huggingface.co:443 "GET /api/models/efederici/sentence-BERTino HTTP/11" 200 1775
2024-11-15 13:32:20,328 DEBUG - urllib3.connectionpool : https://huggingface.co:443 "GET /api/models/efederici/sentence-BERTino/commits/main HTTP/11" 200 2771
2024-11-15 13:32:20,438 DEBUG - urllib3.connectionpool : https://huggingface.co:443 "HEAD /efederici/sentence-BERTino/resolve/main/tokenizer_config.json HTTP/11" 200 0
2024-11-15 13:32:20,505 DEBUG - urllib3.connectionpool : https://huggingface.co:443 "GET /api/models/efederici/sentence-BERTino/discussions?p=0 HTTP/11" 200 939
2024-11-15 13:32:20,633 DEBUG - urllib3.connectionpool : https://huggingface.co:443 "GET /api/models/efederici/sentence-BERTino/revision/main HTTP/11" 200 1775
2024-11-15 13:32:20,655 DEBUG - urllib3.connectionpool : https://huggingface.co:443 "GET /api/models/efederici/sentence-BERTino/commits/refs%2Fpr%2F2 HTTP/11" 200 3736
2024-11-15 13:32:20,657 DEBUG - urllib3.connectionpool : Starting new HTTPS connection (1): safetensors-convert.hf.space:443
2024-11-15 13:32:20,768 DEBUG - urllib3.connectionpool : https://huggingface.co:443 "GET /api/models/efederici/sentence-BERTino HTTP/11" 200 1775
2024-11-15 13:32:20,772 INFO - sentence_transformers.SentenceTransformer : Use pytorch device_name: cpu
2024-11-15 13:32:20,773 INFO - sentence_transformers.SentenceTransformer : Load pretrained SentenceTransformer: efederici/sentence-BERTino
2024-11-15 13:32:20,901 DEBUG - urllib3.connectionpool : https://huggingface.co:443 "HEAD /efederici/sentence-BERTino/resolve/main/modules.json HTTP/11" 200 0
2024-11-15 13:32:21,049 DEBUG - urllib3.connectionpool : https://huggingface.co:443 "HEAD /efederici/sentence-BERTino/resolve/main/config_sentence_transformers.json HTTP/11" 200 0
2024-11-15 13:32:21,115 DEBUG - urllib3.connectionpool : https://safetensors-convert.hf.space:443 "POST /call/run HTTP/11" 200 47
2024-11-15 13:32:21,118 DEBUG - urllib3.connectionpool : Starting new HTTPS connection (1): safetensors-convert.hf.space:443
2024-11-15 13:32:21,208 DEBUG - urllib3.connectionpool : https://huggingface.co:443 "HEAD /efederici/sentence-BERTino/resolve/main/README.md HTTP/11" 200 0
2024-11-15 13:32:21,332 DEBUG - urllib3.connectionpool : https://huggingface.co:443 "HEAD /efederici/sentence-BERTino/resolve/main/modules.json HTTP/11" 200 0
2024-11-15 13:32:21,468 DEBUG - urllib3.connectionpool : https://huggingface.co:443 "HEAD /efederici/sentence-BERTino/resolve/main/sentence_bert_config.json HTTP/11" 200 0
2024-11-15 13:32:21,566 DEBUG - urllib3.connectionpool : https://safetensors-convert.hf.space:443 "GET /call/run/1f8b40165e574e61a23836a1e9f3d057 HTTP/11" 200 None
2024-11-15 13:32:21,602 DEBUG - urllib3.connectionpool : https://huggingface.co:443 "HEAD /efederici/sentence-BERTino/resolve/main/config.json HTTP/11" 200 0
2024-11-15 13:32:21,706 DEBUG - urllib3.connectionpool : https://huggingface.co:443 "GET /api/models/efederici/sentence-BERTino/commits/main HTTP/11" 200 2771
2024-11-15 13:32:21,749 DEBUG - urllib3.connectionpool : https://huggingface.co:443 "HEAD /efederici/sentence-BERTino/resolve/main/model.safetensors HTTP/11" 404 0
2024-11-15 13:32:21,752 DEBUG - urllib3.connectionpool : Starting new HTTPS connection (1): huggingface.co:443
2024-11-15 13:32:21,844 DEBUG - urllib3.connectionpool : https://huggingface.co:443 "GET /api/models/efederici/sentence-BERTino/discussions?p=0 HTTP/11" 200 939
2024-11-15 13:32:21,905 DEBUG - urllib3.connectionpool : https://huggingface.co:443 "HEAD /efederici/sentence-BERTino/resolve/main/tokenizer_config.json HTTP/11" 200 0
2024-11-15 13:32:22,085 DEBUG - urllib3.connectionpool : https://huggingface.co:443 "GET /api/models/efederici/sentence-BERTino/revision/main HTTP/11" 200 1775
2024-11-15 13:32:22,114 DEBUG - urllib3.connectionpool : https://huggingface.co:443 "GET /api/models/efederici/sentence-BERTino HTTP/11" 200 1775
2024-11-15 13:32:22,215 DEBUG - urllib3.connectionpool : https://huggingface.co:443 "GET /api/models/efederici/sentence-BERTino HTTP/11" 200 1775
2024-11-15 13:32:22,224 DEBUG - httpx : load_ssl_context verify=True cert=None trust_env=True http2=False
2024-11-15 13:32:22,225 DEBUG - httpx : load_verify_locations cafile='D:\\RagApplications\\PythonFiles\\DocumentalRag\\.venv_DocumentalRag\\Lib\\site-packages\\certifi\\cacert.pem'
2024-11-15 13:32:22,267 DEBUG - urllib3.connectionpool : https://huggingface.co:443 "GET /api/models/efederici/sentence-BERTino/commits/main HTTP/11" 200 2771
2024-11-15 13:32:22,328 DEBUG - urllib3.connectionpool : https://huggingface.co:443 "GET /api/models/efederici/sentence-BERTino/commits/refs%2Fpr%2F2 HTTP/11" 200 3736
2024-11-15 13:32:22,400 DEBUG - urllib3.connectionpool : https://huggingface.co:443 "GET /api/models/efederici/sentence-BERTino/discussions?p=0 HTTP/11" 200 939
2024-11-15 13:32:22,454 DEBUG - urllib3.connectionpool : https://huggingface.co:443 "HEAD /efederici/sentence-BERTino/resolve/refs%2Fpr%2F2/model.safetensors.index.json HTTP/11" 404 0
2024-11-15 13:32:22,481 DEBUG - httpx : load_ssl_context verify=True cert=None trust_env=True http2=False
2024-11-15 13:32:22,482 DEBUG - httpx : load_verify_locations cafile='D:\\RagApplications\\PythonFiles\\DocumentalRag\\.venv_DocumentalRag\\Lib\\site-packages\\certifi\\cacert.pem'
2024-11-15 13:32:22,549 DEBUG - urllib3.connectionpool : https://huggingface.co:443 "GET /api/models/efederici/sentence-BERTino/commits/refs%2Fpr%2F2 HTTP/11" 200 3736
2024-11-15 13:32:22,551 DEBUG - urllib3.connectionpool : Starting new HTTPS connection (1): safetensors-convert.hf.space:443
2024-11-15 13:32:22,588 DEBUG - urllib3.connectionpool : https://huggingface.co:443 "HEAD /efederici/sentence-BERTino/resolve/refs%2Fpr%2F2/model.safetensors HTTP/11" 302 0
2024-11-15 13:32:22,767 WARNING - werkzeug :  * Debugger is active!
2024-11-15 13:32:22,775 INFO - werkzeug :  * Debugger PIN: 843-532-862
2024-11-15 13:32:23,016 DEBUG - urllib3.connectionpool : https://safetensors-convert.hf.space:443 "POST /call/run HTTP/11" 200 47
2024-11-15 13:32:23,018 DEBUG - urllib3.connectionpool : Starting new HTTPS connection (1): safetensors-convert.hf.space:443
2024-11-15 13:32:23,462 DEBUG - urllib3.connectionpool : https://safetensors-convert.hf.space:443 "GET /call/run/4e8815ceba4c4ecdbcdf19afc6fa4d23 HTTP/11" 200 None
2024-11-15 13:32:23,751 DEBUG - urllib3.connectionpool : https://huggingface.co:443 "GET /api/models/efederici/sentence-BERTino/commits/main HTTP/11" 200 2771
2024-11-15 13:32:24,107 DEBUG - urllib3.connectionpool : https://huggingface.co:443 "GET /api/models/efederici/sentence-BERTino/discussions?p=0 HTTP/11" 200 939
2024-11-15 13:32:24,247 DEBUG - urllib3.connectionpool : https://huggingface.co:443 "GET /api/models/efederici/sentence-BERTino/commits/refs%2Fpr%2F2 HTTP/11" 200 3736
2024-11-15 13:32:24,387 DEBUG - urllib3.connectionpool : https://huggingface.co:443 "HEAD /efederici/sentence-BERTino/resolve/refs%2Fpr%2F2/model.safetensors.index.json HTTP/11" 404 0
2024-11-15 13:32:24,521 DEBUG - urllib3.connectionpool : https://huggingface.co:443 "HEAD /efederici/sentence-BERTino/resolve/refs%2Fpr%2F2/model.safetensors HTTP/11" 302 0
2024-11-15 13:32:27,241 INFO - werkzeug : 127.0.0.1 - - [15/Nov/2024 13:32:27] "GET /swagger/ HTTP/1.1" 200 -
2024-11-15 13:32:27,997 INFO - werkzeug : 127.0.0.1 - - [15/Nov/2024 13:32:27] "[36mGET /swagger/index.css HTTP/1.1[0m" 304 -
2024-11-15 13:32:28,038 INFO - werkzeug : 127.0.0.1 - - [15/Nov/2024 13:32:28] "[36mGET /swagger/swagger-ui.css HTTP/1.1[0m" 304 -
2024-11-15 13:32:28,093 INFO - werkzeug : 127.0.0.1 - - [15/Nov/2024 13:32:28] "[36mGET /swagger/swagger-ui-bundle.js HTTP/1.1[0m" 304 -
2024-11-15 13:32:28,093 INFO - werkzeug : 127.0.0.1 - - [15/Nov/2024 13:32:28] "[36mGET /swagger/swagger-ui-standalone-preset.js HTTP/1.1[0m" 304 -
2024-11-15 13:32:28,819 INFO - werkzeug : 127.0.0.1 - - [15/Nov/2024 13:32:28] "[36mGET /swagger/favicon-32x32.png HTTP/1.1[0m" 304 -
2024-11-15 13:32:29,092 INFO - werkzeug : 127.0.0.1 - - [15/Nov/2024 13:32:29] "GET /swagger-file HTTP/1.1" 200 -
2024-11-15 13:32:29,347 INFO - werkzeug : 127.0.0.1 - - [15/Nov/2024 13:32:29] "[36mGET /swagger/favicon-32x32.png HTTP/1.1[0m" 304 -
2024-11-15 13:32:32,260 INFO - werkzeug : 127.0.0.1 - - [15/Nov/2024 13:32:32] "[35m[1mGET /methods HTTP/1.1[0m" 500 -
2024-11-15 13:33:09,795 INFO - werkzeug :  * Detected change in 'd:\\RagApplications\\PythonFiles\\DocumentalRag\\app.py', reloading
2024-11-15 13:33:10,739 INFO - werkzeug :  * Restarting with stat
2024-11-15 13:33:18,457 INFO - sentence_transformers.SentenceTransformer : Use pytorch device_name: cpu
2024-11-15 13:33:18,458 INFO - sentence_transformers.SentenceTransformer : Load pretrained SentenceTransformer: efederici/sentence-BERTino
2024-11-15 13:33:18,461 DEBUG - urllib3.connectionpool : Starting new HTTPS connection (1): huggingface.co:443
2024-11-15 13:33:18,636 DEBUG - urllib3.connectionpool : https://huggingface.co:443 "HEAD /efederici/sentence-BERTino/resolve/main/modules.json HTTP/11" 200 0
2024-11-15 13:33:18,765 DEBUG - urllib3.connectionpool : https://huggingface.co:443 "HEAD /efederici/sentence-BERTino/resolve/main/config_sentence_transformers.json HTTP/11" 200 0
2024-11-15 13:33:18,890 DEBUG - urllib3.connectionpool : https://huggingface.co:443 "HEAD /efederici/sentence-BERTino/resolve/main/README.md HTTP/11" 200 0
2024-11-15 13:33:19,249 DEBUG - urllib3.connectionpool : https://huggingface.co:443 "HEAD /efederici/sentence-BERTino/resolve/main/modules.json HTTP/11" 200 0
2024-11-15 13:33:19,392 DEBUG - urllib3.connectionpool : https://huggingface.co:443 "HEAD /efederici/sentence-BERTino/resolve/main/sentence_bert_config.json HTTP/11" 200 0
2024-11-15 13:33:19,521 DEBUG - urllib3.connectionpool : https://huggingface.co:443 "HEAD /efederici/sentence-BERTino/resolve/main/config.json HTTP/11" 200 0
2024-11-15 13:33:19,851 DEBUG - urllib3.connectionpool : https://huggingface.co:443 "HEAD /efederici/sentence-BERTino/resolve/main/model.safetensors HTTP/11" 404 0
2024-11-15 13:33:19,853 DEBUG - urllib3.connectionpool : Starting new HTTPS connection (1): huggingface.co:443
2024-11-15 13:33:20,005 DEBUG - urllib3.connectionpool : https://huggingface.co:443 "HEAD /efederici/sentence-BERTino/resolve/main/tokenizer_config.json HTTP/11" 200 0
2024-11-15 13:33:20,180 DEBUG - urllib3.connectionpool : https://huggingface.co:443 "GET /api/models/efederici/sentence-BERTino/revision/main HTTP/11" 200 1775
2024-11-15 13:33:20,207 DEBUG - urllib3.connectionpool : https://huggingface.co:443 "GET /api/models/efederici/sentence-BERTino HTTP/11" 200 1775
2024-11-15 13:33:20,309 DEBUG - urllib3.connectionpool : https://huggingface.co:443 "GET /api/models/efederici/sentence-BERTino HTTP/11" 200 1775
2024-11-15 13:33:20,316 INFO - sentence_transformers.SentenceTransformer : Use pytorch device_name: cpu
2024-11-15 13:33:20,316 INFO - sentence_transformers.SentenceTransformer : Load pretrained SentenceTransformer: efederici/sentence-BERTino
2024-11-15 13:33:20,441 DEBUG - urllib3.connectionpool : https://huggingface.co:443 "HEAD /efederici/sentence-BERTino/resolve/main/modules.json HTTP/11" 200 0
2024-11-15 13:33:20,566 DEBUG - urllib3.connectionpool : https://huggingface.co:443 "HEAD /efederici/sentence-BERTino/resolve/main/config_sentence_transformers.json HTTP/11" 200 0
2024-11-15 13:33:20,570 DEBUG - urllib3.connectionpool : https://huggingface.co:443 "GET /api/models/efederici/sentence-BERTino/commits/main HTTP/11" 200 2771
2024-11-15 13:33:20,920 DEBUG - urllib3.connectionpool : https://huggingface.co:443 "GET /api/models/efederici/sentence-BERTino/discussions?p=0 HTTP/11" 200 939
2024-11-15 13:33:20,931 DEBUG - urllib3.connectionpool : https://huggingface.co:443 "HEAD /efederici/sentence-BERTino/resolve/main/README.md HTTP/11" 200 0
2024-11-15 13:33:21,059 DEBUG - urllib3.connectionpool : https://huggingface.co:443 "HEAD /efederici/sentence-BERTino/resolve/main/modules.json HTTP/11" 200 0
2024-11-15 13:33:21,111 DEBUG - urllib3.connectionpool : https://huggingface.co:443 "GET /api/models/efederici/sentence-BERTino/commits/refs%2Fpr%2F2 HTTP/11" 200 3736
2024-11-15 13:33:21,113 DEBUG - urllib3.connectionpool : Starting new HTTPS connection (1): safetensors-convert.hf.space:443
2024-11-15 13:33:21,198 DEBUG - urllib3.connectionpool : https://huggingface.co:443 "HEAD /efederici/sentence-BERTino/resolve/main/sentence_bert_config.json HTTP/11" 200 0
2024-11-15 13:33:21,322 DEBUG - urllib3.connectionpool : https://huggingface.co:443 "HEAD /efederici/sentence-BERTino/resolve/main/config.json HTTP/11" 200 0
2024-11-15 13:33:21,449 DEBUG - urllib3.connectionpool : https://huggingface.co:443 "HEAD /efederici/sentence-BERTino/resolve/main/model.safetensors HTTP/11" 404 0
2024-11-15 13:33:21,451 DEBUG - urllib3.connectionpool : Starting new HTTPS connection (1): huggingface.co:443
2024-11-15 13:33:21,555 DEBUG - urllib3.connectionpool : https://safetensors-convert.hf.space:443 "POST /call/run HTTP/11" 200 47
2024-11-15 13:33:21,557 DEBUG - urllib3.connectionpool : Starting new HTTPS connection (1): safetensors-convert.hf.space:443
2024-11-15 13:33:21,601 DEBUG - urllib3.connectionpool : https://huggingface.co:443 "HEAD /efederici/sentence-BERTino/resolve/main/tokenizer_config.json HTTP/11" 200 0
2024-11-15 13:33:21,783 DEBUG - urllib3.connectionpool : https://huggingface.co:443 "GET /api/models/efederici/sentence-BERTino/revision/main HTTP/11" 200 1775
2024-11-15 13:33:21,805 DEBUG - urllib3.connectionpool : https://huggingface.co:443 "GET /api/models/efederici/sentence-BERTino HTTP/11" 200 1775
2024-11-15 13:33:21,917 DEBUG - urllib3.connectionpool : https://huggingface.co:443 "GET /api/models/efederici/sentence-BERTino HTTP/11" 200 1775
2024-11-15 13:33:21,921 DEBUG - httpx : load_ssl_context verify=True cert=None trust_env=True http2=False
2024-11-15 13:33:21,923 DEBUG - httpx : load_verify_locations cafile='D:\\RagApplications\\PythonFiles\\DocumentalRag\\.venv_DocumentalRag\\Lib\\site-packages\\certifi\\cacert.pem'
2024-11-15 13:33:22,005 DEBUG - urllib3.connectionpool : https://safetensors-convert.hf.space:443 "GET /call/run/bce04243eb0148d58e51d876e2009688 HTTP/11" 200 None
2024-11-15 13:33:22,150 DEBUG - httpx : load_ssl_context verify=True cert=None trust_env=True http2=False
2024-11-15 13:33:22,152 DEBUG - httpx : load_verify_locations cafile='D:\\RagApplications\\PythonFiles\\DocumentalRag\\.venv_DocumentalRag\\Lib\\site-packages\\certifi\\cacert.pem'
2024-11-15 13:33:22,160 DEBUG - urllib3.connectionpool : https://huggingface.co:443 "GET /api/models/efederici/sentence-BERTino/commits/main HTTP/11" 200 2771
2024-11-15 13:33:22,180 DEBUG - urllib3.connectionpool : https://huggingface.co:443 "GET /api/models/efederici/sentence-BERTino/commits/main HTTP/11" 200 2771
2024-11-15 13:33:22,292 DEBUG - urllib3.connectionpool : https://huggingface.co:443 "GET /api/models/efederici/sentence-BERTino/discussions?p=0 HTTP/11" 200 939
2024-11-15 13:33:22,437 DEBUG - urllib3.connectionpool : https://huggingface.co:443 "GET /api/models/efederici/sentence-BERTino/commits/refs%2Fpr%2F2 HTTP/11" 200 3736
2024-11-15 13:33:22,493 WARNING - werkzeug :  * Debugger is active!
2024-11-15 13:33:22,496 INFO - werkzeug :  * Debugger PIN: 843-532-862
2024-11-15 13:33:22,564 DEBUG - urllib3.connectionpool : https://huggingface.co:443 "HEAD /efederici/sentence-BERTino/resolve/refs%2Fpr%2F2/model.safetensors.index.json HTTP/11" 404 0
2024-11-15 13:33:22,695 DEBUG - urllib3.connectionpool : https://huggingface.co:443 "HEAD /efederici/sentence-BERTino/resolve/refs%2Fpr%2F2/model.safetensors HTTP/11" 302 0
2024-11-15 13:33:22,735 INFO - werkzeug : 127.0.0.1 - - [15/Nov/2024 13:33:22] "GET /swagger/ HTTP/1.1" 200 -
2024-11-15 13:33:22,759 DEBUG - urllib3.connectionpool : https://huggingface.co:443 "GET /api/models/efederici/sentence-BERTino/discussions?p=0 HTTP/11" 200 939
2024-11-15 13:33:23,155 DEBUG - urllib3.connectionpool : https://huggingface.co:443 "GET /api/models/efederici/sentence-BERTino/commits/refs%2Fpr%2F2 HTTP/11" 200 3736
2024-11-15 13:33:23,165 DEBUG - urllib3.connectionpool : Starting new HTTPS connection (1): safetensors-convert.hf.space:443
2024-11-15 13:33:23,438 INFO - werkzeug : 127.0.0.1 - - [15/Nov/2024 13:33:23] "[36mGET /swagger/index.css HTTP/1.1[0m" 304 -
2024-11-15 13:33:23,441 INFO - werkzeug : 127.0.0.1 - - [15/Nov/2024 13:33:23] "[36mGET /swagger/swagger-ui.css HTTP/1.1[0m" 304 -
2024-11-15 13:33:23,580 INFO - werkzeug : 127.0.0.1 - - [15/Nov/2024 13:33:23] "[36mGET /swagger/swagger-ui-standalone-preset.js HTTP/1.1[0m" 304 -
2024-11-15 13:33:23,581 INFO - werkzeug : 127.0.0.1 - - [15/Nov/2024 13:33:23] "[36mGET /swagger/swagger-ui-bundle.js HTTP/1.1[0m" 304 -
2024-11-15 13:33:23,608 DEBUG - urllib3.connectionpool : https://safetensors-convert.hf.space:443 "POST /call/run HTTP/11" 200 47
2024-11-15 13:33:23,612 DEBUG - urllib3.connectionpool : Starting new HTTPS connection (1): safetensors-convert.hf.space:443
2024-11-15 13:33:24,001 INFO - werkzeug : 127.0.0.1 - - [15/Nov/2024 13:33:24] "[36mGET /swagger/favicon-32x32.png HTTP/1.1[0m" 304 -
2024-11-15 13:33:24,040 DEBUG - urllib3.connectionpool : https://safetensors-convert.hf.space:443 "GET /call/run/4c74330e890442bfb1d7ab8a793b7312 HTTP/11" 200 None
2024-11-15 13:33:24,178 DEBUG - urllib3.connectionpool : https://huggingface.co:443 "GET /api/models/efederici/sentence-BERTino/commits/main HTTP/11" 200 2771
2024-11-15 13:33:24,271 INFO - werkzeug : 127.0.0.1 - - [15/Nov/2024 13:33:24] "GET /swagger-file HTTP/1.1" 200 -
2024-11-15 13:33:24,465 INFO - werkzeug : 127.0.0.1 - - [15/Nov/2024 13:33:24] "[36mGET /swagger/favicon-32x32.png HTTP/1.1[0m" 304 -
2024-11-15 13:33:24,525 DEBUG - urllib3.connectionpool : https://huggingface.co:443 "GET /api/models/efederici/sentence-BERTino/discussions?p=0 HTTP/11" 200 939
2024-11-15 13:33:24,671 DEBUG - urllib3.connectionpool : https://huggingface.co:443 "GET /api/models/efederici/sentence-BERTino/commits/refs%2Fpr%2F2 HTTP/11" 200 3736
2024-11-15 13:33:24,851 DEBUG - urllib3.connectionpool : https://huggingface.co:443 "HEAD /efederici/sentence-BERTino/resolve/refs%2Fpr%2F2/model.safetensors.index.json HTTP/11" 404 0
2024-11-15 13:33:25,215 DEBUG - urllib3.connectionpool : https://huggingface.co:443 "HEAD /efederici/sentence-BERTino/resolve/refs%2Fpr%2F2/model.safetensors HTTP/11" 302 0
2024-11-15 13:33:44,409 INFO - werkzeug : 127.0.0.1 - - [15/Nov/2024 13:33:44] "GET /methods HTTP/1.1" 200 -
2024-11-15 13:45:01,035 INFO - werkzeug :  * Detected change in 'd:\\RagApplications\\PythonFiles\\DocumentalRag\\app.py', reloading
2024-11-15 13:45:01,945 INFO - werkzeug :  * Restarting with stat
2024-11-15 13:45:45,016 INFO - sentence_transformers.SentenceTransformer : Use pytorch device_name: cpu
2024-11-15 13:45:45,017 INFO - sentence_transformers.SentenceTransformer : Load pretrained SentenceTransformer: efederici/sentence-BERTino
2024-11-15 13:45:45,023 DEBUG - urllib3.connectionpool : Starting new HTTPS connection (1): huggingface.co:443
2024-11-15 13:45:45,418 DEBUG - urllib3.connectionpool : https://huggingface.co:443 "HEAD /efederici/sentence-BERTino/resolve/main/modules.json HTTP/11" 200 0
2024-11-15 13:45:45,628 DEBUG - urllib3.connectionpool : https://huggingface.co:443 "HEAD /efederici/sentence-BERTino/resolve/main/config_sentence_transformers.json HTTP/11" 200 0
2024-11-15 13:45:45,988 DEBUG - urllib3.connectionpool : https://huggingface.co:443 "HEAD /efederici/sentence-BERTino/resolve/main/README.md HTTP/11" 200 0
2024-11-15 13:45:46,152 DEBUG - urllib3.connectionpool : https://huggingface.co:443 "HEAD /efederici/sentence-BERTino/resolve/main/modules.json HTTP/11" 200 0
2024-11-15 13:45:46,289 DEBUG - urllib3.connectionpool : https://huggingface.co:443 "HEAD /efederici/sentence-BERTino/resolve/main/sentence_bert_config.json HTTP/11" 200 0
2024-11-15 13:45:46,418 DEBUG - urllib3.connectionpool : https://huggingface.co:443 "HEAD /efederici/sentence-BERTino/resolve/main/config.json HTTP/11" 200 0
2024-11-15 13:45:47,070 DEBUG - urllib3.connectionpool : https://huggingface.co:443 "HEAD /efederici/sentence-BERTino/resolve/main/model.safetensors HTTP/11" 404 0
2024-11-15 13:45:47,073 DEBUG - urllib3.connectionpool : Starting new HTTPS connection (1): huggingface.co:443
2024-11-15 13:45:47,264 DEBUG - urllib3.connectionpool : https://huggingface.co:443 "HEAD /efederici/sentence-BERTino/resolve/main/tokenizer_config.json HTTP/11" 200 0
2024-11-15 13:45:47,433 DEBUG - urllib3.connectionpool : https://huggingface.co:443 "GET /api/models/efederici/sentence-BERTino/revision/main HTTP/11" 200 1775
2024-11-15 13:45:47,436 DEBUG - urllib3.connectionpool : https://huggingface.co:443 "GET /api/models/efederici/sentence-BERTino HTTP/11" 200 1775
2024-11-15 13:45:47,834 DEBUG - urllib3.connectionpool : https://huggingface.co:443 "GET /api/models/efederici/sentence-BERTino/commits/main HTTP/11" 200 2771
2024-11-15 13:45:47,848 DEBUG - urllib3.connectionpool : https://huggingface.co:443 "GET /api/models/efederici/sentence-BERTino HTTP/11" 200 1775
2024-11-15 13:45:47,853 INFO - sentence_transformers.SentenceTransformer : Use pytorch device_name: cpu
2024-11-15 13:45:47,854 INFO - sentence_transformers.SentenceTransformer : Load pretrained SentenceTransformer: efederici/sentence-BERTino
2024-11-15 13:45:47,979 DEBUG - urllib3.connectionpool : https://huggingface.co:443 "HEAD /efederici/sentence-BERTino/resolve/main/modules.json HTTP/11" 200 0
2024-11-15 13:45:48,104 DEBUG - urllib3.connectionpool : https://huggingface.co:443 "HEAD /efederici/sentence-BERTino/resolve/main/config_sentence_transformers.json HTTP/11" 200 0
2024-11-15 13:45:48,189 DEBUG - urllib3.connectionpool : https://huggingface.co:443 "GET /api/models/efederici/sentence-BERTino/discussions?p=0 HTTP/11" 200 939
2024-11-15 13:45:48,252 DEBUG - urllib3.connectionpool : https://huggingface.co:443 "HEAD /efederici/sentence-BERTino/resolve/main/README.md HTTP/11" 200 0
2024-11-15 13:45:48,352 DEBUG - urllib3.connectionpool : https://huggingface.co:443 "GET /api/models/efederici/sentence-BERTino/commits/refs%2Fpr%2F2 HTTP/11" 200 3736
2024-11-15 13:45:48,354 DEBUG - urllib3.connectionpool : Starting new HTTPS connection (1): safetensors-convert.hf.space:443
2024-11-15 13:45:48,384 DEBUG - urllib3.connectionpool : https://huggingface.co:443 "HEAD /efederici/sentence-BERTino/resolve/main/modules.json HTTP/11" 200 0
2024-11-15 13:45:48,549 DEBUG - urllib3.connectionpool : https://huggingface.co:443 "HEAD /efederici/sentence-BERTino/resolve/main/sentence_bert_config.json HTTP/11" 200 0
2024-11-15 13:45:48,673 DEBUG - urllib3.connectionpool : https://huggingface.co:443 "HEAD /efederici/sentence-BERTino/resolve/main/config.json HTTP/11" 200 0
2024-11-15 13:45:48,803 DEBUG - urllib3.connectionpool : https://huggingface.co:443 "HEAD /efederici/sentence-BERTino/resolve/main/model.safetensors HTTP/11" 404 0
2024-11-15 13:45:48,807 DEBUG - urllib3.connectionpool : Starting new HTTPS connection (1): huggingface.co:443
2024-11-15 13:45:48,961 DEBUG - urllib3.connectionpool : https://huggingface.co:443 "HEAD /efederici/sentence-BERTino/resolve/main/tokenizer_config.json HTTP/11" 200 0
2024-11-15 13:45:49,090 DEBUG - urllib3.connectionpool : https://huggingface.co:443 "GET /api/models/efederici/sentence-BERTino HTTP/11" 200 1775
2024-11-15 13:45:49,148 DEBUG - urllib3.connectionpool : https://huggingface.co:443 "GET /api/models/efederici/sentence-BERTino/revision/main HTTP/11" 200 1775
2024-11-15 13:45:49,230 DEBUG - urllib3.connectionpool : https://huggingface.co:443 "GET /api/models/efederici/sentence-BERTino/commits/main HTTP/11" 200 2771
2024-11-15 13:45:49,307 DEBUG - urllib3.connectionpool : https://huggingface.co:443 "GET /api/models/efederici/sentence-BERTino HTTP/11" 200 1775
2024-11-15 13:45:49,321 DEBUG - httpx : load_ssl_context verify=True cert=None trust_env=True http2=False
2024-11-15 13:45:49,322 DEBUG - httpx : load_verify_locations cafile='D:\\RagApplications\\PythonFiles\\DocumentalRag\\.venv_DocumentalRag\\Lib\\site-packages\\certifi\\cacert.pem'
2024-11-15 13:45:49,359 DEBUG - urllib3.connectionpool : https://huggingface.co:443 "GET /api/models/efederici/sentence-BERTino/discussions?p=0 HTTP/11" 200 939
2024-11-15 13:45:49,495 DEBUG - urllib3.connectionpool : https://huggingface.co:443 "GET /api/models/efederici/sentence-BERTino/commits/refs%2Fpr%2F2 HTTP/11" 200 3736
2024-11-15 13:45:49,497 DEBUG - urllib3.connectionpool : Starting new HTTPS connection (1): safetensors-convert.hf.space:443
2024-11-15 13:45:49,542 DEBUG - httpx : load_ssl_context verify=True cert=None trust_env=True http2=False
2024-11-15 13:45:49,543 DEBUG - httpx : load_verify_locations cafile='D:\\RagApplications\\PythonFiles\\DocumentalRag\\.venv_DocumentalRag\\Lib\\site-packages\\certifi\\cacert.pem'
2024-11-15 13:46:00,726 DEBUG - urllib3.connectionpool : https://safetensors-convert.hf.space:443 "POST /call/run HTTP/11" 503 58
2024-11-15 13:46:00,740 DEBUG - urllib3.connectionpool : https://safetensors-convert.hf.space:443 "POST /call/run HTTP/11" 503 58
2024-11-15 13:47:52,021 INFO - sentence_transformers.SentenceTransformer : Use pytorch device_name: cpu
2024-11-15 13:47:52,021 INFO - sentence_transformers.SentenceTransformer : Load pretrained SentenceTransformer: efederici/sentence-BERTino
2024-11-15 13:47:52,025 DEBUG - urllib3.connectionpool : Starting new HTTPS connection (1): huggingface.co:443
2024-11-15 13:47:52,200 DEBUG - urllib3.connectionpool : https://huggingface.co:443 "HEAD /efederici/sentence-BERTino/resolve/main/modules.json HTTP/11" 200 0
2024-11-15 13:47:52,327 DEBUG - urllib3.connectionpool : https://huggingface.co:443 "HEAD /efederici/sentence-BERTino/resolve/main/config_sentence_transformers.json HTTP/11" 200 0
2024-11-15 13:47:52,455 DEBUG - urllib3.connectionpool : https://huggingface.co:443 "HEAD /efederici/sentence-BERTino/resolve/main/README.md HTTP/11" 200 0
2024-11-15 13:47:52,585 DEBUG - urllib3.connectionpool : https://huggingface.co:443 "HEAD /efederici/sentence-BERTino/resolve/main/modules.json HTTP/11" 200 0
2024-11-15 13:47:52,709 DEBUG - urllib3.connectionpool : https://huggingface.co:443 "HEAD /efederici/sentence-BERTino/resolve/main/sentence_bert_config.json HTTP/11" 200 0
2024-11-15 13:47:52,879 DEBUG - urllib3.connectionpool : https://huggingface.co:443 "HEAD /efederici/sentence-BERTino/resolve/main/config.json HTTP/11" 200 0
2024-11-15 13:47:53,196 DEBUG - urllib3.connectionpool : https://huggingface.co:443 "HEAD /efederici/sentence-BERTino/resolve/main/model.safetensors HTTP/11" 404 0
2024-11-15 13:47:53,199 DEBUG - urllib3.connectionpool : Starting new HTTPS connection (1): huggingface.co:443
2024-11-15 13:47:53,353 DEBUG - urllib3.connectionpool : https://huggingface.co:443 "HEAD /efederici/sentence-BERTino/resolve/main/tokenizer_config.json HTTP/11" 200 0
2024-11-15 13:47:53,520 DEBUG - urllib3.connectionpool : https://huggingface.co:443 "GET /api/models/efederici/sentence-BERTino/revision/main HTTP/11" 200 1775
2024-11-15 13:47:53,557 DEBUG - urllib3.connectionpool : https://huggingface.co:443 "GET /api/models/efederici/sentence-BERTino HTTP/11" 200 1775
2024-11-15 13:47:53,656 DEBUG - urllib3.connectionpool : https://huggingface.co:443 "GET /api/models/efederici/sentence-BERTino HTTP/11" 200 1775
2024-11-15 13:47:53,661 INFO - sentence_transformers.SentenceTransformer : Use pytorch device_name: cpu
2024-11-15 13:47:53,661 INFO - sentence_transformers.SentenceTransformer : Load pretrained SentenceTransformer: efederici/sentence-BERTino
2024-11-15 13:47:53,782 DEBUG - urllib3.connectionpool : https://huggingface.co:443 "HEAD /efederici/sentence-BERTino/resolve/main/modules.json HTTP/11" 200 0
2024-11-15 13:47:53,910 DEBUG - urllib3.connectionpool : https://huggingface.co:443 "HEAD /efederici/sentence-BERTino/resolve/main/config_sentence_transformers.json HTTP/11" 200 0
2024-11-15 13:47:53,929 DEBUG - urllib3.connectionpool : https://huggingface.co:443 "GET /api/models/efederici/sentence-BERTino/commits/main HTTP/11" 200 2771
2024-11-15 13:47:54,035 DEBUG - urllib3.connectionpool : https://huggingface.co:443 "HEAD /efederici/sentence-BERTino/resolve/main/README.md HTTP/11" 200 0
2024-11-15 13:47:54,176 DEBUG - urllib3.connectionpool : https://huggingface.co:443 "HEAD /efederici/sentence-BERTino/resolve/main/modules.json HTTP/11" 200 0
2024-11-15 13:47:54,288 DEBUG - urllib3.connectionpool : https://huggingface.co:443 "GET /api/models/efederici/sentence-BERTino/discussions?p=0 HTTP/11" 200 939
2024-11-15 13:47:54,420 DEBUG - urllib3.connectionpool : https://huggingface.co:443 "HEAD /efederici/sentence-BERTino/resolve/main/sentence_bert_config.json HTTP/11" 200 0
2024-11-15 13:47:54,459 DEBUG - urllib3.connectionpool : https://huggingface.co:443 "GET /api/models/efederici/sentence-BERTino/commits/refs%2Fpr%2F2 HTTP/11" 200 3736
2024-11-15 13:47:54,462 DEBUG - urllib3.connectionpool : Starting new HTTPS connection (1): safetensors-convert.hf.space:443
2024-11-15 13:47:54,551 DEBUG - urllib3.connectionpool : https://huggingface.co:443 "HEAD /efederici/sentence-BERTino/resolve/main/config.json HTTP/11" 200 0
2024-11-15 13:47:54,701 DEBUG - urllib3.connectionpool : https://huggingface.co:443 "HEAD /efederici/sentence-BERTino/resolve/main/model.safetensors HTTP/11" 404 0
2024-11-15 13:47:54,703 DEBUG - urllib3.connectionpool : Starting new HTTPS connection (1): huggingface.co:443
2024-11-15 13:47:54,838 DEBUG - urllib3.connectionpool : https://huggingface.co:443 "GET /api/models/efederici/sentence-BERTino HTTP/11" 200 1775
2024-11-15 13:47:54,847 DEBUG - urllib3.connectionpool : https://huggingface.co:443 "HEAD /efederici/sentence-BERTino/resolve/main/tokenizer_config.json HTTP/11" 200 0
2024-11-15 13:47:54,910 DEBUG - urllib3.connectionpool : https://safetensors-convert.hf.space:443 "POST /call/run HTTP/11" 503 58
2024-11-15 13:47:54,993 DEBUG - urllib3.connectionpool : https://huggingface.co:443 "GET /api/models/efederici/sentence-BERTino/commits/main HTTP/11" 200 2771
2024-11-15 13:47:55,012 DEBUG - urllib3.connectionpool : https://huggingface.co:443 "GET /api/models/efederici/sentence-BERTino/revision/main HTTP/11" 200 1775
2024-11-15 13:47:55,133 DEBUG - urllib3.connectionpool : https://huggingface.co:443 "GET /api/models/efederici/sentence-BERTino/discussions?p=0 HTTP/11" 200 939
2024-11-15 13:47:55,138 DEBUG - urllib3.connectionpool : https://huggingface.co:443 "GET /api/models/efederici/sentence-BERTino HTTP/11" 200 1775
2024-11-15 13:47:55,144 DEBUG - httpx : load_ssl_context verify=True cert=None trust_env=True http2=False
2024-11-15 13:47:55,145 DEBUG - httpx : load_verify_locations cafile='D:\\RagApplications\\PythonFiles\\DocumentalRag\\.venv_DocumentalRag\\Lib\\site-packages\\certifi\\cacert.pem'
2024-11-15 13:47:55,277 DEBUG - urllib3.connectionpool : https://huggingface.co:443 "GET /api/models/efederici/sentence-BERTino/commits/refs%2Fpr%2F2 HTTP/11" 200 3736
2024-11-15 13:47:55,279 DEBUG - urllib3.connectionpool : Starting new HTTPS connection (1): safetensors-convert.hf.space:443
2024-11-15 13:47:55,381 DEBUG - httpx : load_ssl_context verify=True cert=None trust_env=True http2=False
2024-11-15 13:47:55,382 DEBUG - httpx : load_verify_locations cafile='D:\\RagApplications\\PythonFiles\\DocumentalRag\\.venv_DocumentalRag\\Lib\\site-packages\\certifi\\cacert.pem'
2024-11-15 13:47:55,664 INFO - werkzeug : [31m[1mWARNING: This is a development server. Do not use it in a production deployment. Use a production WSGI server instead.[0m
 * Running on all addresses (0.0.0.0)
 * Running on http://127.0.0.1:5000
 * Running on http://192.168.0.215:5000
2024-11-15 13:47:55,664 INFO - werkzeug : [33mPress CTRL+C to quit[0m
2024-11-15 13:47:55,667 INFO - werkzeug :  * Restarting with stat
2024-11-15 13:47:55,723 DEBUG - urllib3.connectionpool : https://safetensors-convert.hf.space:443 "POST /call/run HTTP/11" 503 58
2024-11-15 13:48:02,154 INFO - sentence_transformers.SentenceTransformer : Use pytorch device_name: cpu
2024-11-15 13:48:02,154 INFO - sentence_transformers.SentenceTransformer : Load pretrained SentenceTransformer: efederici/sentence-BERTino
2024-11-15 13:48:02,158 DEBUG - urllib3.connectionpool : Starting new HTTPS connection (1): huggingface.co:443
2024-11-15 13:48:02,545 DEBUG - urllib3.connectionpool : https://huggingface.co:443 "HEAD /efederici/sentence-BERTino/resolve/main/modules.json HTTP/11" 200 0
2024-11-15 13:48:02,890 DEBUG - urllib3.connectionpool : https://huggingface.co:443 "HEAD /efederici/sentence-BERTino/resolve/main/config_sentence_transformers.json HTTP/11" 200 0
2024-11-15 13:48:03,024 DEBUG - urllib3.connectionpool : https://huggingface.co:443 "HEAD /efederici/sentence-BERTino/resolve/main/README.md HTTP/11" 200 0
2024-11-15 13:48:03,367 DEBUG - urllib3.connectionpool : https://huggingface.co:443 "HEAD /efederici/sentence-BERTino/resolve/main/modules.json HTTP/11" 200 0
2024-11-15 13:48:03,495 DEBUG - urllib3.connectionpool : https://huggingface.co:443 "HEAD /efederici/sentence-BERTino/resolve/main/sentence_bert_config.json HTTP/11" 200 0
2024-11-15 13:48:04,049 DEBUG - urllib3.connectionpool : https://huggingface.co:443 "HEAD /efederici/sentence-BERTino/resolve/main/config.json HTTP/11" 200 0
2024-11-15 13:48:04,438 DEBUG - urllib3.connectionpool : https://huggingface.co:443 "HEAD /efederici/sentence-BERTino/resolve/main/model.safetensors HTTP/11" 404 0
2024-11-15 13:48:04,441 DEBUG - urllib3.connectionpool : Starting new HTTPS connection (1): huggingface.co:443
2024-11-15 13:48:04,590 DEBUG - urllib3.connectionpool : https://huggingface.co:443 "HEAD /efederici/sentence-BERTino/resolve/main/tokenizer_config.json HTTP/11" 200 0
2024-11-15 13:48:04,640 DEBUG - urllib3.connectionpool : https://huggingface.co:443 "GET /api/models/efederici/sentence-BERTino HTTP/11" 200 1775
2024-11-15 13:48:04,763 DEBUG - urllib3.connectionpool : https://huggingface.co:443 "GET /api/models/efederici/sentence-BERTino/revision/main HTTP/11" 200 1775
2024-11-15 13:48:04,806 DEBUG - urllib3.connectionpool : https://huggingface.co:443 "GET /api/models/efederici/sentence-BERTino/commits/main HTTP/11" 200 2771
2024-11-15 13:48:04,901 DEBUG - urllib3.connectionpool : https://huggingface.co:443 "GET /api/models/efederici/sentence-BERTino HTTP/11" 200 1775
2024-11-15 13:48:04,905 INFO - sentence_transformers.SentenceTransformer : Use pytorch device_name: cpu
2024-11-15 13:48:04,906 INFO - sentence_transformers.SentenceTransformer : Load pretrained SentenceTransformer: efederici/sentence-BERTino
2024-11-15 13:48:05,179 DEBUG - urllib3.connectionpool : https://huggingface.co:443 "GET /api/models/efederici/sentence-BERTino/discussions?p=0 HTTP/11" 200 939
2024-11-15 13:48:05,258 DEBUG - urllib3.connectionpool : https://huggingface.co:443 "HEAD /efederici/sentence-BERTino/resolve/main/modules.json HTTP/11" 200 0
2024-11-15 13:48:05,450 DEBUG - urllib3.connectionpool : https://huggingface.co:443 "HEAD /efederici/sentence-BERTino/resolve/main/config_sentence_transformers.json HTTP/11" 200 0
2024-11-15 13:48:05,540 DEBUG - urllib3.connectionpool : https://huggingface.co:443 "GET /api/models/efederici/sentence-BERTino/commits/refs%2Fpr%2F2 HTTP/11" 200 3736
2024-11-15 13:48:05,543 DEBUG - urllib3.connectionpool : Starting new HTTPS connection (1): safetensors-convert.hf.space:443
2024-11-15 13:48:05,577 DEBUG - urllib3.connectionpool : https://huggingface.co:443 "HEAD /efederici/sentence-BERTino/resolve/main/README.md HTTP/11" 200 0
2024-11-15 13:48:05,709 DEBUG - urllib3.connectionpool : https://huggingface.co:443 "HEAD /efederici/sentence-BERTino/resolve/main/modules.json HTTP/11" 200 0
2024-11-15 13:48:05,991 DEBUG - urllib3.connectionpool : https://safetensors-convert.hf.space:443 "POST /call/run HTTP/11" 503 58
2024-11-15 13:48:06,254 DEBUG - urllib3.connectionpool : https://huggingface.co:443 "HEAD /efederici/sentence-BERTino/resolve/main/sentence_bert_config.json HTTP/11" 200 0
2024-11-15 13:48:06,448 DEBUG - urllib3.connectionpool : https://huggingface.co:443 "HEAD /efederici/sentence-BERTino/resolve/main/config.json HTTP/11" 200 0
2024-11-15 13:48:06,587 DEBUG - urllib3.connectionpool : https://huggingface.co:443 "HEAD /efederici/sentence-BERTino/resolve/main/model.safetensors HTTP/11" 404 0
2024-11-15 13:48:06,589 DEBUG - urllib3.connectionpool : Starting new HTTPS connection (1): huggingface.co:443
2024-11-15 13:48:06,735 DEBUG - urllib3.connectionpool : https://huggingface.co:443 "HEAD /efederici/sentence-BERTino/resolve/main/tokenizer_config.json HTTP/11" 200 0
2024-11-15 13:48:06,901 DEBUG - urllib3.connectionpool : https://huggingface.co:443 "GET /api/models/efederici/sentence-BERTino/revision/main HTTP/11" 200 1775
2024-11-15 13:48:06,956 DEBUG - urllib3.connectionpool : https://huggingface.co:443 "GET /api/models/efederici/sentence-BERTino HTTP/11" 200 1775
2024-11-15 13:48:07,029 DEBUG - urllib3.connectionpool : https://huggingface.co:443 "GET /api/models/efederici/sentence-BERTino HTTP/11" 200 1775
2024-11-15 13:48:07,035 DEBUG - httpx : load_ssl_context verify=True cert=None trust_env=True http2=False
2024-11-15 13:48:07,036 DEBUG - httpx : load_verify_locations cafile='D:\\RagApplications\\PythonFiles\\DocumentalRag\\.venv_DocumentalRag\\Lib\\site-packages\\certifi\\cacert.pem'
2024-11-15 13:48:07,256 DEBUG - httpx : load_ssl_context verify=True cert=None trust_env=True http2=False
2024-11-15 13:48:07,257 DEBUG - httpx : load_verify_locations cafile='D:\\RagApplications\\PythonFiles\\DocumentalRag\\.venv_DocumentalRag\\Lib\\site-packages\\certifi\\cacert.pem'
2024-11-15 13:48:07,285 DEBUG - urllib3.connectionpool : https://huggingface.co:443 "GET /api/models/efederici/sentence-BERTino/commits/main HTTP/11" 200 2771
2024-11-15 13:48:07,422 DEBUG - urllib3.connectionpool : https://huggingface.co:443 "GET /api/models/efederici/sentence-BERTino/discussions?p=0 HTTP/11" 200 939
2024-11-15 13:48:07,492 WARNING - werkzeug :  * Debugger is active!
2024-11-15 13:48:07,498 INFO - werkzeug :  * Debugger PIN: 843-532-862
2024-11-15 13:48:07,577 DEBUG - urllib3.connectionpool : https://huggingface.co:443 "GET /api/models/efederici/sentence-BERTino/commits/refs%2Fpr%2F2 HTTP/11" 200 3736
2024-11-15 13:48:07,580 DEBUG - urllib3.connectionpool : Starting new HTTPS connection (1): safetensors-convert.hf.space:443
2024-11-15 13:48:07,725 INFO - werkzeug : 127.0.0.1 - - [15/Nov/2024 13:48:07] "GET /methods HTTP/1.1" 200 -
2024-11-15 13:48:08,028 DEBUG - urllib3.connectionpool : https://safetensors-convert.hf.space:443 "POST /call/run HTTP/11" 503 58
2024-11-15 14:35:27,588 INFO - werkzeug :  * Detected change in 'd:\\RagApplications\\PythonFiles\\DocumentalRag\\LLMToolKit.py', reloading
2024-11-15 14:35:29,483 INFO - werkzeug :  * Restarting with stat
2024-11-15 14:35:45,862 INFO - sentence_transformers.SentenceTransformer : Use pytorch device_name: cpu
2024-11-15 14:35:45,862 INFO - sentence_transformers.SentenceTransformer : Load pretrained SentenceTransformer: efederici/sentence-BERTino
2024-11-15 14:35:45,867 DEBUG - urllib3.connectionpool : Starting new HTTPS connection (1): huggingface.co:443
2024-11-15 14:35:46,600 DEBUG - urllib3.connectionpool : https://huggingface.co:443 "HEAD /efederici/sentence-BERTino/resolve/main/modules.json HTTP/11" 200 0
2024-11-15 14:35:46,836 DEBUG - urllib3.connectionpool : https://huggingface.co:443 "HEAD /efederici/sentence-BERTino/resolve/main/config_sentence_transformers.json HTTP/11" 200 0
2024-11-15 14:35:47,053 DEBUG - urllib3.connectionpool : https://huggingface.co:443 "HEAD /efederici/sentence-BERTino/resolve/main/README.md HTTP/11" 200 0
2024-11-15 14:35:47,378 DEBUG - urllib3.connectionpool : https://huggingface.co:443 "HEAD /efederici/sentence-BERTino/resolve/main/modules.json HTTP/11" 200 0
2024-11-15 14:35:47,577 DEBUG - urllib3.connectionpool : https://huggingface.co:443 "HEAD /efederici/sentence-BERTino/resolve/main/sentence_bert_config.json HTTP/11" 200 0
2024-11-15 14:35:47,768 DEBUG - urllib3.connectionpool : https://huggingface.co:443 "HEAD /efederici/sentence-BERTino/resolve/main/config.json HTTP/11" 200 0
